[INFO ] 2024-11-25 12:46:35,719 tests.BaseTest:67 - Edge driver instantiated
[INFO ] 2024-11-25 12:46:35,832 tests.BaseTest:75 - Implicit wait applied on the driver for 1 seconds
[INFO ] 2024-11-25 12:46:35,835 tests.BaseTest:77 - Url fetched from config properties
[INFO ] 2024-11-25 12:46:36,419 tests.BaseTest:79 - Web application NSE launched
[INFO ] 2024-11-25 12:46:39,163 tests.BaseTest:57 - Chrome driver instantiated
[INFO ] 2024-11-25 12:46:39,293 tests.BaseTest:75 - Implicit wait applied on the driver for 1 seconds
[INFO ] 2024-11-25 12:46:39,294 tests.BaseTest:77 - Url fetched from config properties
[INFO ] 2024-11-25 12:46:41,210 actions.BasePage:28 - Search box found
[INFO ] 2024-11-25 12:46:42,267 actions.BasePage:30 - Search box clicked
[INFO ] 2024-11-25 12:46:42,589 actions.BasePage:32 - Stock name: RCOM entered in search box
[INFO ] 2024-11-25 12:46:43,358 actions.BasePage:37 - Search listing found
[INFO ] 2024-11-25 12:46:43,415 actions.BasePage:39 - Stock name found
[INFO ] 2024-11-25 12:46:43,936 tests.BaseTest:79 - Web application NSE launched
[INFO ] 2024-11-25 12:46:44,995 actions.BasePage:28 - Search box found
[INFO ] 2024-11-25 12:46:45,440 actions.BasePage:30 - Search box clicked
[INFO ] 2024-11-25 12:46:45,639 actions.BasePage:32 - Stock name: RCOM entered in search box
[INFO ] 2024-11-25 12:46:45,721 actions.BasePage:41 - Stock name clicked from search listing
[INFO ] 2024-11-25 12:46:46,192 actions.BasePage:47 - Navigated to stock detail page
[INFO ] 2024-11-25 12:46:46,831 actions.BasePage:54 - Stock price data 52 week high found
[INFO ] 2024-11-25 12:46:46,881 tests.BaseTest:24 - Price data 52 week high matched with actual data
[INFO ] 2024-11-25 12:46:46,896 actions.BasePage:37 - Search listing found
[INFO ] 2024-11-25 12:46:46,957 actions.BasePage:39 - Stock name found
[INFO ] 2024-11-25 12:46:47,037 actions.BasePage:61 - Stock price data 52 week low found
[INFO ] 2024-11-25 12:46:47,084 tests.BaseTest:29 - Price data 52 week low matched with actual data
[INFO ] 2024-11-25 12:46:48,348 tests.BaseTest:114 - Browser closed
[INFO ] 2024-11-25 12:46:48,738 actions.BasePage:41 - Stock name clicked from search listing
[INFO ] 2024-11-25 12:46:49,197 actions.BasePage:47 - Navigated to stock detail page
[INFO ] 2024-11-25 12:46:49,339 actions.BasePage:54 - Stock price data 52 week high found
[INFO ] 2024-11-25 12:46:49,370 tests.BaseTest:24 - Price data 52 week high matched with actual data
[INFO ] 2024-11-25 12:46:49,482 actions.BasePage:61 - Stock price data 52 week low found
[INFO ] 2024-11-25 12:46:49,528 tests.BaseTest:29 - Price data 52 week low matched with actual data
[INFO ] 2024-11-25 12:46:49,876 tests.BaseTest:114 - Browser closed
